  Chip8.cpp
  imgui-SFML.cpp
  imgui.cpp
  imgui_demo.cpp
  imgui_draw.cpp
  imgui_widgets.cpp
  Opcode.cpp
  Program.cpp
D:\Projects\C++\Chip8\Chip8\src\Program.cpp(79,78): warning C4244: 'argument': conversion from 'unsigned int' to 'T', possible loss of data
          with
          [
              T=float
          ]
D:\Projects\C++\Chip8\Chip8\src\Program.cpp(79,60): warning C4244: 'argument': conversion from 'unsigned int' to 'T', possible loss of data
          with
          [
              T=float
          ]
D:\Projects\C++\Chip8\Chip8\src\Program.cpp(233,80): warning C4244: 'argument': conversion from 'float' to 'sf::Uint8', possible loss of data
D:\Projects\C++\Chip8\Chip8\src\Program.cpp(233,60): warning C4244: 'argument': conversion from 'float' to 'sf::Uint8', possible loss of data
D:\Projects\C++\Chip8\Chip8\src\Program.cpp(233,40): warning C4244: 'argument': conversion from 'float' to 'sf::Uint8', possible loss of data
D:\Projects\C++\Chip8\Chip8\src\Program.cpp(239,88): warning C4244: 'argument': conversion from 'float' to 'sf::Uint8', possible loss of data
D:\Projects\C++\Chip8\Chip8\src\Program.cpp(239,66): warning C4244: 'argument': conversion from 'float' to 'sf::Uint8', possible loss of data
D:\Projects\C++\Chip8\Chip8\src\Program.cpp(239,44): warning C4244: 'argument': conversion from 'float' to 'sf::Uint8', possible loss of data
D:\Projects\C++\Chip8\Chip8\src\Program.cpp(630,32): warning C4244: '=': conversion from 'std::streamoff' to 'int', possible loss of data
  Generating Code...
  Chip8.vcxproj -> D:\Projects\C++\Chip8\Chip8\bin\Debug\Chip8.exe
